1600212104725	mozrunner::runner	INFO	Running command: "C:\\Program Files\\Mozilla Firefox\\firefox.exe" "-marionette" "-headless" "-foreground" "-no-remote" "-profile" "C:\\Users\\dell\\AppData\\Local\\Temp\\rust_mozprofileDxefHS"
*** You are running in headless mode.
JavaScript error: resource://gre/modules/XULStore.jsm, line 66: Error: Can't find profile directory.
console.error: SearchCache: "_readCacheFile: Error reading cache file:" (new Error("", "(unknown module)"))
1600212107240	Marionette	INFO	Listening on port 57091
1600212107363	Marionette	WARN	TLS certificate errors will be ignored for this session
1600212108162	Marionette	INFO	Stopped listening on port 57091
1600212232964	mozrunner::runner	INFO	Running command: "C:\\Program Files\\Mozilla Firefox\\firefox.exe" "-marionette" "-headless" "-foreground" "-no-remote" "-profile" "C:\\Users\\dell\\AppData\\Local\\Temp\\rust_mozprofileDj0yPZ"
*** You are running in headless mode.
JavaScript error: resource://gre/modules/XULStore.jsm, line 66: Error: Can't find profile directory.
console.error: SearchCache: "_readCacheFile: Error reading cache file:" (new Error("", "(unknown module)"))
1600212235355	Marionette	INFO	Listening on port 57174
1600212235749	Marionette	WARN	TLS certificate errors will be ignored for this session
1600212236778	Marionette	INFO	Stopped listening on port 57174

###!!! [Parent][RunMessage] Error: Channel closing: too late to send/recv, messages will be lost

1600212359166	mozrunner::runner	INFO	Running command: "C:\\Program Files\\Mozilla Firefox\\firefox.exe" "-marionette" "-headless" "-foreground" "-no-remote" "-profile" "C:\\Users\\dell\\AppData\\Local\\Temp\\rust_mozprofileivRedp"
*** You are running in headless mode.
JavaScript error: resource://gre/modules/XULStore.jsm, line 66: Error: Can't find profile directory.
console.error: SearchCache: "_readCacheFile: Error reading cache file:" (new Error("", "(unknown module)"))
1600212361828	Marionette	INFO	Listening on port 57268
1600212362463	Marionette	WARN	TLS certificate errors will be ignored for this session
1600212366209	Marionette	INFO	Stopped listening on port 57268
1600212993771	mozrunner::runner	INFO	Running command: "C:\\Program Files\\Mozilla Firefox\\firefox.exe" "-marionette" "-headless" "-foreground" "-no-remote" "-profile" "C:\\Users\\dell\\AppData\\Local\\Temp\\rust_mozprofilei2VsDE"
*** You are running in headless mode.
JavaScript error: resource://gre/modules/XULStore.jsm, line 66: Error: Can't find profile directory.
console.error: SearchCache: "_readCacheFile: Error reading cache file:" (new Error("", "(unknown module)"))
1600212996263	Marionette	INFO	Listening on port 57468
1600212996567	Marionette	WARN	TLS certificate errors will be ignored for this session
1600212999102	Marionette	INFO	Stopped listening on port 57468
JavaScript error: resource://gre/modules/AsyncShutdown.jsm, line 697: Error: Phase "Sqlite.jsm: wait until all connections are closed" is finished, it is too late to register completion condition "protections.sqlite#0: waiting for shutdown"
